<?xml version="1.0" encoding="UTF-8"?>
<!-- Generated by org.testng.reporters.JUnitReportReporter -->
<testsuite hostname="IN5CG7192CVT" name="orangeHRM_Test.orangeHRM_DemoTest" tests="1" failures="0" timestamp="30 Dec 2019 11:10:52 GMT" time="61.880" errors="0">
  <testcase name="TestDemo" time="61.880" classname="orangeHRM_Test.orangeHRM_DemoTest"/>
</testsuite> <!-- orangeHRM_Test.orangeHRM_DemoTest -->
